13/11/16 12:35:45 PM | error loadView general | products | response 400
13/11/16 12:36:47 PM | error loadView general | products | response 400
13/11/16 12:37:49 PM | error loadView general | products | response 400
13/11/16 12:38:11 PM | error loadView general | products | response 400
13/11/16 12:39:32 PM | error loadView general | products | response 400
13/11/16 12:41:16 PM | error loadView general | products | response 400
13/11/16 12:42:04 PM | error loadView general | products | response 400
13/11/16 12:43:30 PM | error loadView general | products | response 400
13/11/16 01:01:02 PM | error loadView general | products | response 400
13/11/16 01:01:22 PM | error loadView general | products | response 400
13/11/16 01:05:30 PM | error loadView general | products | response 400
13/11/16 01:11:15 PM | error loadView general | products | response 400
13/11/16 01:18:53 PM | error loadView general | products | response 400
13/11/16 04:10:16 PM | error loadView general | products | response 400
13/11/16 04:11:30 PM | error loadView general | products | response 400
13/11/16 04:11:35 PM | error loadView general | products | response 400
13/11/16 04:11:39 PM | error loadView general | products | response 400
13/11/16 04:15:55 PM | error loadView general | products | response 400
13/11/16 04:34:23 PM | error loadView general | products | response 400
13/11/16 04:34:39 PM | error loadView general | products | response 503
13/11/16 04:35:15 PM | error loadView general | products | response 503
13/11/16 04:35:56 PM | error loadView general | products | response 503
13/11/16 04:37:13 PM | error loadView general | products | response 400
13/11/16 04:37:31 PM | error loadView general | products | response 503
13/11/16 04:42:57 PM | error loadView general | products | response 400
13/11/16 04:44:38 PM | error loadView general | products | response 503
13/11/16 04:55:03 PM | error loadView general | products | response 400
13/11/16 04:56:07 PM | error loadView general | products | response 503
13/11/16 04:57:21 PM | error loadView general | products | response 400
13/11/16 04:57:48 PM | error loadView general | products | response 503
13/11/16 07:37:44 PM | error loadView general | products | response 400
13/11/16 09:34:33 PM | error loadView general | products | response 400
13/11/16 10:07:49 PM | ERROR - 503 BD |  | response 200
13/11/16 10:07:49 PM | ERROR - 503 BD |  | response 200
13/11/16 10:08:15 PM | ERROR - 503 BD |  | response 200
13/11/16 10:08:15 PM | ERROR - 503 BD |  | response 200
13/11/16 10:09:42 PM | ERROR - 503 BD |  | response 200
13/11/16 10:09:42 PM | ERROR - 503 BD |  | response 200
13/11/16 11:02:20 PM | ERROR - 503 BD |  | response 200
13/11/16 11:02:20 PM | ERROR - 503 BD |  | response 200
13/11/16 11:06:23 PM | ERROR - 503 BD |  | response 200
13/11/16 11:06:23 PM | ERROR - 503 BD |  | response 200
13/11/16 11:07:47 PM | ERROR - 503 BD |  | response 200
13/11/16 11:07:47 PM | ERROR - 503 BD |  | response 200
13/11/16 11:09:07 PM | ERROR - 503 BD |  | response 200
13/11/16 11:09:07 PM | ERROR - 503 BD |  | response 200
14/11/16 09:36:05 AM | error loadView general | products | response 400
14/11/16 04:49:04 PM | ERROR - 503 BD |  | response 200
14/11/16 04:49:04 PM | ERROR - 503 BD |  | response 200
14/11/16 04:50:54 PM | ERROR - 503 BD |  | response 200
14/11/16 04:50:54 PM | ERROR - 503 BD |  | response 200
14/11/16 04:50:57 PM | ERROR - 503 BD |  | response 200
14/11/16 04:50:57 PM | ERROR - 503 BD |  | response 200
14/11/16 04:51:32 PM | ERROR - 503 BD |  | response 200
14/11/16 04:51:43 PM | ERROR - 503 BD |  | response 200
14/11/16 04:51:43 PM | ERROR - 503 BD |  | response 200
14/11/16 04:52:12 PM | ERROR - 503 BD |  | response 200
14/11/16 04:52:12 PM | ERROR - 503 BD |  | response 200
14/11/16 04:52:29 PM | ERROR - 503 BD |  | response 200
14/11/16 04:52:29 PM | ERROR - 503 BD |  | response 200
14/11/16 04:52:46 PM | ERROR - 503 BD |  | response 200
14/11/16 04:52:46 PM | ERROR - 503 BD |  | response 200
14/11/16 04:59:23 PM | error paint_template_error | products | response200
14/11/16 04:59:23 PM | error paint_template_search | products | response 200
14/11/16 05:02:54 PM | error paint_template_error | products | response200
14/11/16 05:02:54 PM | error paint_template_search | products | response 200
14/11/16 05:03:17 PM | error paint_template_error | products | response200
14/11/16 05:03:17 PM | error paint_template_search | products | response 200
14/11/16 05:09:37 PM | error paint_template_error | products | response200
14/11/16 05:09:37 PM | error paint_template_search | products | response 200
14/11/16 05:10:23 PM | error paint_template_error | products | response200
14/11/16 05:10:23 PM | error paint_template_search | products | response 200
14/11/16 08:25:17 PM | error paint_template_error | products | response200
14/11/16 08:25:17 PM | error paint_template_search | products | response 200
14/11/16 08:30:40 PM | error paint_template_error | products | response200
14/11/16 08:30:40 PM | error paint_template_search | products | response 200
14/11/16 08:31:06 PM | error paint_template_error | products | response200
14/11/16 08:31:06 PM | error paint_template_search | products | response 200
14/11/16 08:33:09 PM | error paint_template_search | products | response 200
14/11/16 08:33:09 PM | error paint_template_error | products | response200
14/11/16 08:34:33 PM | error paint_template_error | products | response200
14/11/16 08:34:59 PM | error paint_template_error | products | response200
14/11/16 08:34:59 PM | error paint_template_search | products | response 200
14/11/16 08:35:09 PM | error paint_template_error | products | response200
14/11/16 08:35:09 PM | error paint_template_search | products | response 200
14/11/16 08:36:17 PM | error paint_template_error | products | response200
14/11/16 08:36:17 PM | error paint_template_search | products | response 200
14/11/16 08:37:18 PM | error paint_template_search | products | response 200
14/11/16 08:37:18 PM | error paint_template_error | products | response200
14/11/16 08:47:31 PM | error paint_template_error | products | response200
14/11/16 08:47:31 PM | error paint_template_search | products | response 200
14/11/16 08:48:08 PM | error paint_template_error | products | response200
14/11/16 08:48:08 PM | error paint_template_search | products | response 200
14/11/16 08:48:37 PM | error paint_template_error | products | response200
14/11/16 08:48:37 PM | error paint_template_search | products | response 200
14/11/16 08:48:40 PM | error paint_template_error | products | response200
14/11/16 08:48:40 PM | error paint_template_search | products | response 200
14/11/16 08:49:06 PM | error paint_template_error | products | response200
14/11/16 08:49:06 PM | error paint_template_search | products | response 200
14/11/16 09:08:33 PM | error loadView general | products | response 400
14/11/16 09:14:27 PM | error loadView general | products | response 400
14/11/16 09:18:47 PM | error loadView general | products | response 400
14/11/16 09:36:03 PM | error loadView general | products | response 400
14/11/16 09:39:00 PM | error loadView general | products | response 400
14/11/16 09:39:05 PM | error loadView general | products | response 400
14/11/16 09:39:07 PM | error loadView general | products | response 400
14/11/16 09:41:54 PM | error loadView general | products | response 400
14/11/16 09:42:29 PM | error loadView general | products | response 400
14/11/16 09:43:28 PM | error loadView general | products | response 400
14/11/16 09:43:31 PM | error loadView general | products | response 400
14/11/16 09:53:09 PM | error loadView general | products | response 400
16/11/16 03:56:29 PM | error loadView general | products | response 400
23/11/16 09:30:18 PM | error loadView general | main | response 400
23/11/16 09:31:30 PM | error loadView general | main | response 400
23/11/16 09:35:21 PM | error loadView general | main | response 400
23/11/16 09:35:41 PM | error loadView general | main | response 400
23/11/16 09:35:42 PM | error loadView general | main | response 400
23/11/16 09:37:51 PM | error loadView general | <br /><b>Notice</b>:  Use of undefined constant URL_AMIGABLES - assumed 'URL_AMIGABLES' in <b>/var/www/html/Gamebets/utils/utils.inc.php</b> on line <b>19</b><br />http:/127.0.0.1/Gamebets/users | response 400
23/11/16 09:38:00 PM | error loadView general | <br /><b>Notice</b>:  Use of undefined constant URL_AMIGABLES - assumed 'URL_AMIGABLES' in <b>/var/www/html/Gamebets/utils/utils.inc.php</b> on line <b>19</b><br />http:/127.0.0.1/Gamebets/users | response 400
23/11/16 09:38:38 PM | error loadView general | users/form_users/<br /><b>Notice</b>:  Use of undefined constant URL_AMIGABLES - assumed 'URL_AMIGABLES' in <b>/var/www/html/Gamebets/utils/utils.inc.php</b> on line <b>19</b><br />http:/127.0.0.1/Gamebets | response 400
24/11/16 10:42:47 AM | error loadView general | users | response 400
24/11/16 10:46:57 AM | error loadView general | view | response 400
24/11/16 10:47:22 AM | error loadView general | users | response 400
24/11/16 10:48:17 AM | error loadView general | view | response 400
24/11/16 10:49:47 AM | error loadView general | view | response 400
24/11/16 10:50:55 AM | error loadView general | view | response 400
24/11/16 10:52:10 AM | error loadView general | view | response 400
24/11/16 10:53:12 AM | error loadView general | users | response 400
24/11/16 10:53:37 AM | error loadView general | view | response 400
24/11/16 10:54:15 AM | error loadView general | users | response 400
24/11/16 10:55:46 AM | error loadView general | view | response 400
24/11/16 10:56:27 AM | error loadView general | users | response 400
24/11/16 10:57:10 AM | error loadView general | view | response 400
24/11/16 10:57:45 AM | error loadView general | users | response 400
24/11/16 10:59:55 AM | error loadView general | users | response 400
24/11/16 11:01:25 AM | error loadView general | users/form_users/<br /><b>Notice</b>:  Use of undefined constant URL_AMIGABLES - assumed 'URL_AMIGABLES' in <b>/var/www/html/Gamebets/utils/utils.inc.php</b> on line <b>19</b><br />http:/127.0.0.1/Gamebets | response 400
24/11/16 11:04:10 AM | error loadView general | users/form_users/<br /><b>Notice</b>:  Use of undefined constant URL_AMIGABLES - assumed 'URL_AMIGABLES' in <b>/var/www/html/Gamebets/utils/utils.inc.php</b> on line <b>19</b><br />main/http:/127.0.0.1/Gamebets | response 400
24/11/16 11:05:32 AM | error loadView general | users/form_users/<br /><b>Notice</b>:  Use of undefined constant URL_AMIGABLES - assumed 'URL_AMIGABLES' in <b>/var/www/html/Gamebets/utils/utils.inc.php</b> on line <b>19</b><br />http:/127.0.0.1/Gamebets/users | response 400
24/11/16 11:06:24 AM | error loadView general | users/form_users/<br /><b>Notice</b>:  Use of undefined constant URL_AMIGABLES - assumed 'URL_AMIGABLES' in <b>/var/www/html/Gamebets/utils/utils.inc.php</b> on line <b>19</b><br />http:/127.0.0.1/Gamebets | response 400
24/11/16 11:06:30 AM | error loadView general | users/form_users/<br /><b>Notice</b>:  Use of undefined constant URL_AMIGABLES - assumed 'URL_AMIGABLES' in <b>/var/www/html/Gamebets/utils/utils.inc.php</b> on line <b>19< | response 400
24/11/16 11:13:30 AM | error loadView general | view | response 400
24/11/16 11:14:10 AM | error loadView general | users | response 400
24/11/16 01:38:29 PM | error loadView general | users | response 400
24/11/16 01:38:47 PM | error loadView general | users | response 400
24/11/16 01:52:35 PM | error loadView general | view | response 400
24/11/16 01:52:41 PM | error loadView general | main | response 400
24/11/16 01:55:33 PM | error loadView general | main | response 400
24/11/16 02:41:05 PM | error loadView general | main | response 400
24/11/16 02:41:19 PM | error loadView general | main | response 400
24/11/16 02:41:20 PM | error loadView general | main | response 400
24/11/16 02:41:33 PM | error loadView general | main | response 400
24/11/16 02:41:50 PM | error loadView general | main | response 400
24/11/16 02:45:26 PM | error loadView general | main | response 400
24/11/16 02:47:32 PM | error loadView general | view | response 400
24/11/16 02:48:24 PM | error loadView general | fdfdfd | response 400
24/11/16 02:48:24 PM | error loadView general | view | response 400
24/11/16 02:55:46 PM | error loadView general | fdfdfd | response 400
24/11/16 02:55:46 PM | error loadView general | view | response 400
24/11/16 02:55:48 PM | error loadView general | view | response 400
24/11/16 02:56:19 PM | error loadView general | users | response 400
24/11/16 02:56:38 PM | error loadView general | users | response 400
24/11/16 02:58:44 PM | error loadView general | view | response 400
24/11/16 02:59:25 PM | error loadView general | users | response 400
24/11/16 02:59:52 PM | error loadView general | view | response 400
24/11/16 03:05:05 PM | error loadView general | view | response 400
24/11/16 03:06:07 PM | error loadView general | view | response 400
24/11/16 03:07:00 PM | error loadView general | view | response 400
24/11/16 03:07:57 PM | error loadView general | users | response 400
24/11/16 03:50:17 PM | error loadView general | view | response 400
24/11/16 03:50:22 PM | error loadView general | view | response 400
24/11/16 03:50:23 PM | error loadView general | view | response 400
24/11/16 03:50:59 PM | error loadView general | users | response 400
24/11/16 03:52:14 PM | error loadView general | users | response 400
24/11/16 03:52:17 PM | error loadView general | view | response 400
24/11/16 03:53:06 PM | error loadView general | view | response 400
24/11/16 03:53:49 PM | error loadView general | users | response 400
24/11/16 03:54:33 PM | error loadView general | view | response 400
24/11/16 03:55:08 PM | error loadView general | users | response 400
24/11/16 03:56:34 PM | error loadView general | view | response 400
24/11/16 03:58:06 PM | error loadView general | view | response 400
24/11/16 03:59:15 PM | error loadView general | users | response 400
24/11/16 04:01:57 PM | error loadView general | view | response 400
24/11/16 04:03:24 PM | error loadView general | view | response 400
24/11/16 04:04:19 PM | error loadView general | users | response 400
24/11/16 04:05:08 PM | error loadView general | users | response 400
24/11/16 04:07:27 PM | error loadView general | view | response 400
24/11/16 04:07:58 PM | error loadView general | users | response 400
24/11/16 04:08:56 PM | error loadView general | users | response 400
24/11/16 04:10:25 PM | error loadView general | users | response 400
24/11/16 04:10:31 PM | error loadView general | view | response 400
24/11/16 04:11:19 PM | error loadView general | users | response 400
24/11/16 04:12:23 PM | error loadView general | view | response 400
24/11/16 05:24:15 PM | error loadView general | view | response 400
24/11/16 05:25:20 PM | error loadView general | view | response 400
24/11/16 05:36:27 PM | error loadView general | view | response 400
24/11/16 05:41:08 PM | error loadView general | view | response 400
24/11/16 05:50:28 PM | error loadView general | view | response 400
24/11/16 05:59:13 PM | error loadView general | users | response 400
24/11/16 05:59:13 PM | error loadView general | view | response 400
24/11/16 06:02:58 PM | error loadView general | users | response 400
24/11/16 06:02:58 PM | error loadView general | view | response 400
24/11/16 06:03:25 PM | error loadView general | users | response 400
24/11/16 06:03:25 PM | error loadView general | view | response 400
24/11/16 06:03:46 PM | error loadView general | users | response 400
24/11/16 06:03:46 PM | error loadView general | view | response 400
25/11/16 05:25:40 PM | error loadView general | users | response 400
25/11/16 05:26:20 PM | error loadView general | users | response 400
26/11/16 11:27:50 AM | error loadView general | users | response 400
26/11/16 11:27:54 AM | error loadView general | view | response 400
26/11/16 11:30:22 AM | error loadView general | users | response 400
26/11/16 11:30:22 AM | error loadView general | view | response 400
26/11/16 11:30:28 AM | error loadView general | users | response 400
26/11/16 11:30:28 AM | error loadView general | view | response 400
26/11/16 11:30:37 AM | error loadView general | view | response 400
26/11/16 11:30:41 AM | error loadView general | users | response 400
26/11/16 11:30:42 AM | error loadView general | view | response 400
26/11/16 11:30:43 AM | error loadView general | view | response 400
26/11/16 11:30:44 AM | error loadView general | users | response 400
26/11/16 11:30:44 AM | error loadView general | view | response 400
26/11/16 11:30:45 AM | error loadView general | view | response 400
26/11/16 11:39:44 AM | error loadView general | view | response 400
26/11/16 11:40:10 AM | error loadView general | view | response 400
26/11/16 11:49:15 AM | error loadView general | view | response 400
26/11/16 11:50:00 AM | error loadView general | view | response 400
26/11/16 11:50:04 AM | error loadView general | view | response 400
26/11/16 11:50:23 AM | error loadView general | view | response 400
26/11/16 11:51:08 AM | error loadView general | view | response 400
26/11/16 11:51:32 AM | error loadView general | view | response 400
26/11/16 11:51:55 AM | error loadView general | view | response 400
26/11/16 12:20:19 PM | error loadView general | main | response 400
