error loadView general | 13.11.2016 12:35:46  |  Product:   | products | response 400
error loadView general | 13.11.2016 12:36:47  |  Product:   | products | response 400
error loadView general | 13.11.2016 12:37:49  |  Product:   | products | response 400
error loadView general | 13.11.2016 12:38:11  |  Product:   | products | response 400
error loadView general | 13.11.2016 12:39:32  |  Product:   | products | response 400
error loadView general | 13.11.2016 12:41:16  |  Product:   | products | response 400
error loadView general | 13.11.2016 12:42:04  |  Product:   | products | response 400
error loadView general | 13.11.2016 12:43:30  |  Product:   | products | response 400
error loadView general | 13.11.2016 01:01:02  |  Product:   | products | response 400
error loadView general | 13.11.2016 01:01:22  |  Product:   | products | response 400
error loadView general | 13.11.2016 01:05:30  |  Product:   | products | response 400
error loadView general | 13.11.2016 01:11:15  |  Product:   | products | response 400
error loadView general | 13.11.2016 01:18:53  |  Product:   | products | response 400
error loadView general | 13.11.2016 04:10:16  |  Product:   | products | response 400
error loadView general | 13.11.2016 04:11:30  |  Product:   | products | response 400
error loadView general | 13.11.2016 04:11:35  |  Product:   | products | response 400
error loadView general | 13.11.2016 04:11:39  |  Product:   | products | response 400
error loadView general | 13.11.2016 04:15:55  |  Product:   | products | response 400
error loadView general | 13.11.2016 04:34:23  |  Product:   | products | response 400
error loadView general | 13.11.2016 04:34:39  |  Product:   | products | response 503
error loadView general | 13.11.2016 04:35:15  |  Product:   | products | response 503
error loadView general | 13.11.2016 04:35:56  |  Product:   | products | response 503
error loadView general | 13.11.2016 04:37:13  |  Product:   | products | response 400
error loadView general | 13.11.2016 04:37:31  |  Product:   | products | response 503
error loadView general | 13.11.2016 04:42:57  |  Product:   | products | response 400
error loadView general | 13.11.2016 04:44:38  |  Product:   | products | response 503
error loadView general | 13.11.2016 04:55:03  |  Product:   | products | response 400
error loadView general | 13.11.2016 04:56:07  |  Product:   | products | response 503
error loadView general | 13.11.2016 04:57:21  |  Product:   | products | response 400
error loadView general | 13.11.2016 04:57:48  |  Product:   | products | response 503
error loadView general | 13.11.2016 07:37:44  |  Product:   | products | response 400
error loadView general | 13.11.2016 09:34:33  |  Product:   | products | response 400
ERROR - 503 BD | 13.11.2016 10:07:49  |  Product:   |  | response 200
ERROR - 503 BD | 13.11.2016 10:07:49  |  Product:   |  | response 200
ERROR - 503 BD | 13.11.2016 10:08:15  |  Product:   |  | response 200
ERROR - 503 BD | 13.11.2016 10:08:15  |  Product:   |  | response 200
ERROR - 503 BD | 13.11.2016 10:09:42  |  Product:   |  | response 200
ERROR - 503 BD | 13.11.2016 10:09:42  |  Product:   |  | response 200
ERROR - 503 BD | 13.11.2016 11:02:20  |  Product:   |  | response 200
ERROR - 503 BD | 13.11.2016 11:02:20  |  Product:   |  | response 200
ERROR - 503 BD | 13.11.2016 11:06:23  |  Product:   |  | response 200
ERROR - 503 BD | 13.11.2016 11:06:23  |  Product:   |  | response 200
ERROR - 503 BD | 13.11.2016 11:07:47  |  Product:   |  | response 200
ERROR - 503 BD | 13.11.2016 11:07:47  |  Product:   |  | response 200
ERROR - 503 BD | 13.11.2016 11:09:07  |  Product:   |  | response 200
ERROR - 503 BD | 13.11.2016 11:09:07  |  Product:   |  | response 200
error loadView general | 14.11.2016 09:36:05  |  Product:   | products | response 400
ERROR - 503 BD | 14.11.2016 04:49:04  |  Product:   |  | response 200
ERROR - 503 BD | 14.11.2016 04:49:04  |  Product:   |  | response 200
ERROR - 503 BD | 14.11.2016 04:50:54  |  Product:   |  | response 200
ERROR - 503 BD | 14.11.2016 04:50:54  |  Product:   |  | response 200
ERROR - 503 BD | 14.11.2016 04:50:57  |  Product:   |  | response 200
ERROR - 503 BD | 14.11.2016 04:50:57  |  Product:   |  | response 200
ERROR - 503 BD | 14.11.2016 04:51:32  |  Product:   |  | response 200
ERROR - 503 BD | 14.11.2016 04:51:43  |  Product:   |  | response 200
ERROR - 503 BD | 14.11.2016 04:51:43  |  Product:   |  | response 200
ERROR - 503 BD | 14.11.2016 04:52:12  |  Product:   |  | response 200
ERROR - 503 BD | 14.11.2016 04:52:12  |  Product:   |  | response 200
ERROR - 503 BD | 14.11.2016 04:52:29  |  Product:   |  | response 200
ERROR - 503 BD | 14.11.2016 04:52:29  |  Product:   |  | response 200
ERROR - 503 BD | 14.11.2016 04:52:46  |  Product:   |  | response 200
ERROR - 503 BD | 14.11.2016 04:52:46  |  Product:   |  | response 200
error paint_template_error | 14.11.2016 04:59:23  |  Product:   | products | response200
error paint_template_search | 14.11.2016 04:59:23  |  Product:   | products | response 200
error paint_template_error | 14.11.2016 05:02:54  |  Product:   | products | response200
error paint_template_search | 14.11.2016 05:02:54  |  Product:   | products | response 200
error paint_template_error | 14.11.2016 05:03:17  |  Product:   | products | response200
error paint_template_search | 14.11.2016 05:03:17  |  Product:   | products | response 200
error paint_template_error | 14.11.2016 05:09:37  |  Product:   | products | response200
error paint_template_search | 14.11.2016 05:09:37  |  Product:   | products | response 200
error paint_template_error | 14.11.2016 05:10:23  |  Product:   | products | response200
error paint_template_search | 14.11.2016 05:10:23  |  Product:   | products | response 200
error paint_template_error | 14.11.2016 08:25:17  |  Product:   | products | response200
error paint_template_search | 14.11.2016 08:25:17  |  Product:   | products | response 200
error paint_template_error | 14.11.2016 08:30:40  |  Product:   | products | response200
error paint_template_search | 14.11.2016 08:30:40  |  Product:   | products | response 200
error paint_template_error | 14.11.2016 08:31:06  |  Product:   | products | response200
error paint_template_search | 14.11.2016 08:31:06  |  Product:   | products | response 200
error paint_template_search | 14.11.2016 08:33:09  |  Product:   | products | response 200
error paint_template_error | 14.11.2016 08:33:09  |  Product:   | products | response200
error paint_template_error | 14.11.2016 08:34:33  |  Product:   | products | response200
error paint_template_error | 14.11.2016 08:34:59  |  Product:   | products | response200
error paint_template_search | 14.11.2016 08:34:59  |  Product:   | products | response 200
error paint_template_error | 14.11.2016 08:35:09  |  Product:   | products | response200
error paint_template_search | 14.11.2016 08:35:09  |  Product:   | products | response 200
error paint_template_error | 14.11.2016 08:36:17  |  Product:   | products | response200
error paint_template_search | 14.11.2016 08:36:17  |  Product:   | products | response 200
error paint_template_search | 14.11.2016 08:37:18  |  Product:   | products | response 200
error paint_template_error | 14.11.2016 08:37:18  |  Product:   | products | response200
error paint_template_error | 14.11.2016 08:47:31  |  Product:   | products | response200
error paint_template_search | 14.11.2016 08:47:31  |  Product:   | products | response 200
error paint_template_error | 14.11.2016 08:48:08  |  Product:   | products | response200
error paint_template_search | 14.11.2016 08:48:08  |  Product:   | products | response 200
error paint_template_error | 14.11.2016 08:48:37  |  Product:   | products | response200
error paint_template_search | 14.11.2016 08:48:37  |  Product:   | products | response 200
error paint_template_error | 14.11.2016 08:48:40  |  Product:   | products | response200
error paint_template_search | 14.11.2016 08:48:40  |  Product:   | products | response 200
error paint_template_error | 14.11.2016 08:49:06  |  Product:   | products | response200
error paint_template_search | 14.11.2016 08:49:06  |  Product:   | products | response 200
error loadView general | 14.11.2016 09:08:33  |  Product:   | products | response 400
error loadView general | 14.11.2016 09:14:27  |  Product:   | products | response 400
error loadView general | 14.11.2016 09:18:47  |  Product:   | products | response 400
error loadView general | 14.11.2016 09:36:03  |  Product:   | products | response 400
error loadView general | 14.11.2016 09:39:00  |  Product:   | products | response 400
error loadView general | 14.11.2016 09:39:05  |  Product:   | products | response 400
error loadView general | 14.11.2016 09:39:07  |  Product:   | products | response 400
error loadView general | 14.11.2016 09:41:54  |  Product:   | products | response 400
error loadView general | 14.11.2016 09:42:29  |  Product:   | products | response 400
error loadView general | 14.11.2016 09:43:28  |  Product:   | products | response 400
error loadView general | 14.11.2016 09:43:31  |  Product:   | products | response 400
error loadView general | 14.11.2016 09:53:09  |  Product:   | products | response 400
error loadView general | 16.11.2016 03:56:30  |  Product:   | products | response 400
error loadView general | 23.11.2016 09:30:18  |  Product:   | main | response 400
error loadView general | 23.11.2016 09:31:30  |  Product:   | main | response 400
error loadView general | 23.11.2016 09:35:21  |  Product:   | main | response 400
error loadView general | 23.11.2016 09:35:41  |  Product:   | main | response 400
error loadView general | 23.11.2016 09:35:42  |  Product:   | main | response 400
error loadView general | 23.11.2016 09:37:51  |  Product:   | <br /><b>Notice</b>:  Use of undefined constant URL_AMIGABLES - assumed 'URL_AMIGABLES' in <b>/var/www/html/Gamebets/utils/utils.inc.php</b> on line <b>19</b><br />http:/127.0.0.1/Gamebets/users | response 400
error loadView general | 23.11.2016 09:38:00  |  Product:   | <br /><b>Notice</b>:  Use of undefined constant URL_AMIGABLES - assumed 'URL_AMIGABLES' in <b>/var/www/html/Gamebets/utils/utils.inc.php</b> on line <b>19</b><br />http:/127.0.0.1/Gamebets/users | response 400
error loadView general | 23.11.2016 09:38:38  |  Product:   | users/form_users/<br /><b>Notice</b>:  Use of undefined constant URL_AMIGABLES - assumed 'URL_AMIGABLES' in <b>/var/www/html/Gamebets/utils/utils.inc.php</b> on line <b>19</b><br />http:/127.0.0.1/Gamebets | response 400
error loadView general | 24.11.2016 10:42:47  |  Product:   | users | response 400
error loadView general | 24.11.2016 10:46:57  |  Product:   | view | response 400
error loadView general | 24.11.2016 10:47:22  |  Product:   | users | response 400
error loadView general | 24.11.2016 10:48:17  |  Product:   | view | response 400
error loadView general | 24.11.2016 10:49:47  |  Product:   | view | response 400
error loadView general | 24.11.2016 10:50:55  |  Product:   | view | response 400
error loadView general | 24.11.2016 10:52:10  |  Product:   | view | response 400
error loadView general | 24.11.2016 10:53:12  |  Product:   | users | response 400
error loadView general | 24.11.2016 10:53:37  |  Product:   | view | response 400
error loadView general | 24.11.2016 10:54:15  |  Product:   | users | response 400
error loadView general | 24.11.2016 10:55:46  |  Product:   | view | response 400
error loadView general | 24.11.2016 10:56:27  |  Product:   | users | response 400
error loadView general | 24.11.2016 10:57:10  |  Product:   | view | response 400
error loadView general | 24.11.2016 10:57:45  |  Product:   | users | response 400
error loadView general | 24.11.2016 10:59:55  |  Product:   | users | response 400
error loadView general | 24.11.2016 11:01:25  |  Product:   | users/form_users/<br /><b>Notice</b>:  Use of undefined constant URL_AMIGABLES - assumed 'URL_AMIGABLES' in <b>/var/www/html/Gamebets/utils/utils.inc.php</b> on line <b>19</b><br />http:/127.0.0.1/Gamebets | response 400
error loadView general | 24.11.2016 11:04:10  |  Product:   | users/form_users/<br /><b>Notice</b>:  Use of undefined constant URL_AMIGABLES - assumed 'URL_AMIGABLES' in <b>/var/www/html/Gamebets/utils/utils.inc.php</b> on line <b>19</b><br />main/http:/127.0.0.1/Gamebets | response 400
error loadView general | 24.11.2016 11:05:32  |  Product:   | users/form_users/<br /><b>Notice</b>:  Use of undefined constant URL_AMIGABLES - assumed 'URL_AMIGABLES' in <b>/var/www/html/Gamebets/utils/utils.inc.php</b> on line <b>19</b><br />http:/127.0.0.1/Gamebets/users | response 400
error loadView general | 24.11.2016 11:06:24  |  Product:   | users/form_users/<br /><b>Notice</b>:  Use of undefined constant URL_AMIGABLES - assumed 'URL_AMIGABLES' in <b>/var/www/html/Gamebets/utils/utils.inc.php</b> on line <b>19</b><br />http:/127.0.0.1/Gamebets | response 400
error loadView general | 24.11.2016 11:06:30  |  Product:   | users/form_users/<br /><b>Notice</b>:  Use of undefined constant URL_AMIGABLES - assumed 'URL_AMIGABLES' in <b>/var/www/html/Gamebets/utils/utils.inc.php</b> on line <b>19< | response 400
error loadView general | 24.11.2016 11:13:30  |  Product:   | view | response 400
error loadView general | 24.11.2016 11:14:10  |  Product:   | users | response 400
error loadView general | 24.11.2016 01:38:29  |  Product:   | users | response 400
error loadView general | 24.11.2016 01:38:47  |  Product:   | users | response 400
error loadView general | 24.11.2016 01:52:35  |  Product:   | view | response 400
error loadView general | 24.11.2016 01:52:41  |  Product:   | main | response 400
error loadView general | 24.11.2016 01:55:33  |  Product:   | main | response 400
error loadView general | 24.11.2016 02:41:05  |  Product:   | main | response 400
error loadView general | 24.11.2016 02:41:19  |  Product:   | main | response 400
error loadView general | 24.11.2016 02:41:20  |  Product:   | main | response 400
error loadView general | 24.11.2016 02:41:33  |  Product:   | main | response 400
error loadView general | 24.11.2016 02:41:50  |  Product:   | main | response 400
error loadView general | 24.11.2016 02:45:26  |  Product:   | main | response 400
error loadView general | 24.11.2016 02:47:32  |  Product:   | view | response 400
error loadView general | 24.11.2016 02:48:24  |  Product:   | fdfdfd | response 400
error loadView general | 24.11.2016 02:48:24  |  Product:   | view | response 400
error loadView general | 24.11.2016 02:55:46  |  Product:   | fdfdfd | response 400
error loadView general | 24.11.2016 02:55:46  |  Product:   | view | response 400
error loadView general | 24.11.2016 02:55:48  |  Product:   | view | response 400
error loadView general | 24.11.2016 02:56:19  |  Product:   | users | response 400
error loadView general | 24.11.2016 02:56:38  |  Product:   | users | response 400
error loadView general | 24.11.2016 02:58:44  |  Product:   | view | response 400
error loadView general | 24.11.2016 02:59:25  |  Product:   | users | response 400
error loadView general | 24.11.2016 02:59:52  |  Product:   | view | response 400
error loadView general | 24.11.2016 03:05:05  |  Product:   | view | response 400
error loadView general | 24.11.2016 03:06:07  |  Product:   | view | response 400
error loadView general | 24.11.2016 03:07:00  |  Product:   | view | response 400
error loadView general | 24.11.2016 03:07:57  |  Product:   | users | response 400
error loadView general | 24.11.2016 03:50:17  |  Product:   | view | response 400
error loadView general | 24.11.2016 03:50:22  |  Product:   | view | response 400
error loadView general | 24.11.2016 03:50:23  |  Product:   | view | response 400
error loadView general | 24.11.2016 03:50:59  |  Product:   | users | response 400
error loadView general | 24.11.2016 03:52:14  |  Product:   | users | response 400
error loadView general | 24.11.2016 03:52:17  |  Product:   | view | response 400
error loadView general | 24.11.2016 03:53:06  |  Product:   | view | response 400
error loadView general | 24.11.2016 03:53:49  |  Product:   | users | response 400
error loadView general | 24.11.2016 03:54:33  |  Product:   | view | response 400
error loadView general | 24.11.2016 03:55:08  |  Product:   | users | response 400
error loadView general | 24.11.2016 03:56:34  |  Product:   | view | response 400
error loadView general | 24.11.2016 03:58:06  |  Product:   | view | response 400
error loadView general | 24.11.2016 03:59:15  |  Product:   | users | response 400
error loadView general | 24.11.2016 04:01:57  |  Product:   | view | response 400
error loadView general | 24.11.2016 04:03:24  |  Product:   | view | response 400
error loadView general | 24.11.2016 04:04:19  |  Product:   | users | response 400
error loadView general | 24.11.2016 04:05:08  |  Product:   | users | response 400
error loadView general | 24.11.2016 04:07:27  |  Product:   | view | response 400
error loadView general | 24.11.2016 04:07:58  |  Product:   | users | response 400
error loadView general | 24.11.2016 04:08:56  |  Product:   | users | response 400
error loadView general | 24.11.2016 04:10:25  |  Product:   | users | response 400
error loadView general | 24.11.2016 04:10:31  |  Product:   | view | response 400
error loadView general | 24.11.2016 04:11:19  |  Product:   | users | response 400
error loadView general | 24.11.2016 04:12:23  |  Product:   | view | response 400
error loadView general | 24.11.2016 05:24:15  |  Product:   | view | response 400
error loadView general | 24.11.2016 05:25:20  |  Product:   | view | response 400
error loadView general | 24.11.2016 05:36:27  |  Product:   | view | response 400
error loadView general | 24.11.2016 05:41:08  |  Product:   | view | response 400
error loadView general | 24.11.2016 05:50:28  |  Product:   | view | response 400
error loadView general | 24.11.2016 05:59:13  |  Product:   | users | response 400
error loadView general | 24.11.2016 05:59:13  |  Product:   | view | response 400
error loadView general | 24.11.2016 06:02:58  |  Product:   | users | response 400
error loadView general | 24.11.2016 06:02:58  |  Product:   | view | response 400
error loadView general | 24.11.2016 06:03:25  |  Product:   | users | response 400
error loadView general | 24.11.2016 06:03:25  |  Product:   | view | response 400
error loadView general | 24.11.2016 06:03:46  |  Product:   | users | response 400
error loadView general | 24.11.2016 06:03:46  |  Product:   | view | response 400
error loadView general | 25.11.2016 05:25:40  |  Product:   | users | response 400
error loadView general | 25.11.2016 05:26:20  |  Product:   | users | response 400
error loadView general | 26.11.2016 11:27:50  |  Product:   | users | response 400
error loadView general | 26.11.2016 11:27:54  |  Product:   | view | response 400
error loadView general | 26.11.2016 11:30:22  |  Product:   | users | response 400
error loadView general | 26.11.2016 11:30:22  |  Product:   | view | response 400
error loadView general | 26.11.2016 11:30:28  |  Product:   | users | response 400
error loadView general | 26.11.2016 11:30:28  |  Product:   | view | response 400
error loadView general | 26.11.2016 11:30:37  |  Product:   | view | response 400
error loadView general | 26.11.2016 11:30:41  |  Product:   | users | response 400
error loadView general | 26.11.2016 11:30:42  |  Product:   | view | response 400
error loadView general | 26.11.2016 11:30:43  |  Product:   | view | response 400
error loadView general | 26.11.2016 11:30:44  |  Product:   | users | response 400
error loadView general | 26.11.2016 11:30:44  |  Product:   | view | response 400
error loadView general | 26.11.2016 11:30:45  |  Product:   | view | response 400
error loadView general | 26.11.2016 11:39:44  |  Product:   | view | response 400
error loadView general | 26.11.2016 11:40:10  |  Product:   | view | response 400
error loadView general | 26.11.2016 11:49:15  |  Product:   | view | response 400
error loadView general | 26.11.2016 11:50:00  |  Product:   | view | response 400
error loadView general | 26.11.2016 11:50:04  |  Product:   | view | response 400
error loadView general | 26.11.2016 11:50:23  |  Product:   | view | response 400
error loadView general | 26.11.2016 11:51:08  |  Product:   | view | response 400
error loadView general | 26.11.2016 11:51:32  |  Product:   | view | response 400
error loadView general | 26.11.2016 11:51:55  |  Product:   | view | response 400
error loadView general | 26.11.2016 12:20:19  |  Product:   | main | response 400
